{"E:\\Cedric\\Travail\\Test\\ProcessIQ\\Gestion-de-candidats\\front\\src\\api\\candidates.api.ts": {"path":"E:\\Cedric\\Travail\\Test\\ProcessIQ\\Gestion-de-candidats\\front\\src\\api\\candidates.api.ts","statementMap":{"0":{"start":{"line":1,"column":0},"end":{"line":1,"column":26}},"1":{"start":{"line":4,"column":26},"end":{"line":4,"column":51}},"2":{"start":{"line":6,"column":12},"end":{"line":9,"column":2}},"3":{"start":{"line":11,"column":0},"end":{"line":19,"column":3}},"4":{"start":{"line":12,"column":16},"end":{"line":12,"column":55}},"5":{"start":{"line":14,"column":2},"end":{"line":16,"column":3}},"6":{"start":{"line":15,"column":4},"end":{"line":15,"column":53}},"7":{"start":{"line":18,"column":2},"end":{"line":18,"column":16}},"8":{"start":{"line":21,"column":32},"end":{"line":31,"column":1}},"9":{"start":{"line":22,"column":23},"end":{"line":22,"column":44}},"10":{"start":{"line":24,"column":2},"end":{"line":28,"column":5}},"11":{"start":{"line":25,"column":4},"end":{"line":27,"column":5}},"12":{"start":{"line":26,"column":6},"end":{"line":26,"column":46}},"13":{"start":{"line":30,"column":2},"end":{"line":30,"column":33}},"14":{"start":{"line":21,"column":13},"end":{"line":21,"column":32}},"15":{"start":{"line":33,"column":29},"end":{"line":45,"column":2}},"16":{"start":{"line":36,"column":33},"end":{"line":45,"column":2}},"17":{"start":{"line":37,"column":16},"end":{"line":42,"column":4}},"18":{"start":{"line":43,"column":14},"end":{"line":43,"column":51}},"19":{"start":{"line":44,"column":2},"end":{"line":44,"column":18}},"20":{"start":{"line":33,"column":13},"end":{"line":33,"column":29}},"21":{"start":{"line":47,"column":28},"end":{"line":50,"column":2}},"22":{"start":{"line":47,"column":49},"end":{"line":50,"column":2}},"23":{"start":{"line":48,"column":14},"end":{"line":48,"column":48}},"24":{"start":{"line":49,"column":2},"end":{"line":49,"column":18}},"25":{"start":{"line":47,"column":13},"end":{"line":47,"column":28}},"26":{"start":{"line":52,"column":21},"end":{"line":60,"column":2}},"27":{"start":{"line":52,"column":41},"end":{"line":60,"column":2}},"28":{"start":{"line":53,"column":14},"end":{"line":53,"column":55}},"29":{"start":{"line":55,"column":2},"end":{"line":57,"column":3}},"30":{"start":{"line":56,"column":4},"end":{"line":56,"column":60}},"31":{"start":{"line":59,"column":2},"end":{"line":59,"column":18}},"32":{"start":{"line":52,"column":13},"end":{"line":52,"column":21}},"33":{"start":{"line":62,"column":22},"end":{"line":64,"column":1}},"34":{"start":{"line":63,"column":2},"end":{"line":63,"column":45}},"35":{"start":{"line":62,"column":13},"end":{"line":62,"column":22}},"36":{"start":{"line":66,"column":31},"end":{"line":69,"column":2}},"37":{"start":{"line":66,"column":51},"end":{"line":69,"column":2}},"38":{"start":{"line":67,"column":14},"end":{"line":67,"column":49}},"39":{"start":{"line":68,"column":2},"end":{"line":68,"column":18}},"40":{"start":{"line":66,"column":13},"end":{"line":66,"column":31}},"41":{"start":{"line":71,"column":31},"end":{"line":74,"column":2}},"42":{"start":{"line":71,"column":63},"end":{"line":74,"column":2}},"43":{"start":{"line":72,"column":14},"end":{"line":72,"column":54}},"44":{"start":{"line":73,"column":2},"end":{"line":73,"column":18}},"45":{"start":{"line":71,"column":13},"end":{"line":71,"column":31}},"46":{"start":{"line":76,"column":33},"end":{"line":79,"column":2}},"47":{"start":{"line":76,"column":54},"end":{"line":79,"column":2}},"48":{"start":{"line":77,"column":14},"end":{"line":77,"column":58}},"49":{"start":{"line":78,"column":2},"end":{"line":78,"column":18}},"50":{"start":{"line":76,"column":13},"end":{"line":76,"column":33}},"51":{"start":{"line":81,"column":31},"end":{"line":84,"column":2}},"52":{"start":{"line":81,"column":52},"end":{"line":84,"column":2}},"53":{"start":{"line":82,"column":14},"end":{"line":82,"column":51}},"54":{"start":{"line":83,"column":2},"end":{"line":83,"column":18}},"55":{"start":{"line":81,"column":13},"end":{"line":81,"column":31}}},"fnMap":{"0":{"name":"(anonymous_8)","decl":{"start":{"line":11,"column":29},"end":{"line":11,"column":30}},"loc":{"start":{"line":11,"column":40},"end":{"line":19,"column":1}}},"1":{"name":"(anonymous_9)","decl":{"start":{"line":21,"column":32},"end":{"line":21,"column":33}},"loc":{"start":{"line":21,"column":88},"end":{"line":31,"column":1}}},"2":{"name":"(anonymous_10)","decl":{"start":{"line":24,"column":33},"end":{"line":24,"column":34}},"loc":{"start":{"line":24,"column":50},"end":{"line":28,"column":3}}},"3":{"name":"(anonymous_11)","decl":{"start":{"line":33,"column":29},"end":{"line":33,"column":null}},"loc":{"start":{"line":36,"column":33},"end":{"line":45,"column":2}}},"4":{"name":"(anonymous_12)","decl":{"start":{"line":36,"column":33},"end":{"line":36,"column":null}},"loc":{"start":{"line":35,"column":68},"end":{"line":45,"column":1}}},"5":{"name":"(anonymous_13)","decl":{"start":{"line":47,"column":28},"end":{"line":47,"column":35}},"loc":{"start":{"line":47,"column":49},"end":{"line":50,"column":2}}},"6":{"name":"(anonymous_14)","decl":{"start":{"line":47,"column":49},"end":{"line":47,"column":null}},"loc":{"start":{"line":47,"column":49},"end":{"line":50,"column":1}}},"7":{"name":"(anonymous_15)","decl":{"start":{"line":52,"column":21},"end":{"line":52,"column":28}},"loc":{"start":{"line":52,"column":41},"end":{"line":60,"column":2}}},"8":{"name":"(anonymous_16)","decl":{"start":{"line":52,"column":41},"end":{"line":52,"column":null}},"loc":{"start":{"line":52,"column":41},"end":{"line":60,"column":1}}},"9":{"name":"(anonymous_17)","decl":{"start":{"line":62,"column":22},"end":{"line":62,"column":25}},"loc":{"start":{"line":62,"column":27},"end":{"line":64,"column":1}}},"10":{"name":"(anonymous_18)","decl":{"start":{"line":66,"column":31},"end":{"line":66,"column":38}},"loc":{"start":{"line":66,"column":51},"end":{"line":69,"column":2}}},"11":{"name":"(anonymous_19)","decl":{"start":{"line":66,"column":51},"end":{"line":66,"column":null}},"loc":{"start":{"line":66,"column":51},"end":{"line":69,"column":1}}},"12":{"name":"(anonymous_20)","decl":{"start":{"line":71,"column":31},"end":{"line":71,"column":38}},"loc":{"start":{"line":71,"column":63},"end":{"line":74,"column":2}}},"13":{"name":"(anonymous_21)","decl":{"start":{"line":71,"column":63},"end":{"line":71,"column":null}},"loc":{"start":{"line":71,"column":63},"end":{"line":74,"column":1}}},"14":{"name":"(anonymous_22)","decl":{"start":{"line":76,"column":33},"end":{"line":76,"column":40}},"loc":{"start":{"line":76,"column":54},"end":{"line":79,"column":2}}},"15":{"name":"(anonymous_23)","decl":{"start":{"line":76,"column":54},"end":{"line":76,"column":null}},"loc":{"start":{"line":76,"column":54},"end":{"line":79,"column":1}}},"16":{"name":"(anonymous_24)","decl":{"start":{"line":81,"column":31},"end":{"line":81,"column":38}},"loc":{"start":{"line":81,"column":52},"end":{"line":84,"column":2}}},"17":{"name":"(anonymous_25)","decl":{"start":{"line":81,"column":52},"end":{"line":81,"column":null}},"loc":{"start":{"line":81,"column":52},"end":{"line":84,"column":1}}}},"branchMap":{"0":{"loc":{"start":{"line":14,"column":2},"end":{"line":16,"column":3}},"type":"if","locations":[{"start":{"line":14,"column":2},"end":{"line":16,"column":3}},{"start":{},"end":{}}]},"1":{"loc":{"start":{"line":14,"column":6},"end":{"line":14,"column":29}},"type":"binary-expr","locations":[{"start":{"line":14,"column":6},"end":{"line":14,"column":11}},{"start":{"line":14,"column":15},"end":{"line":14,"column":29}}]},"2":{"loc":{"start":{"line":25,"column":4},"end":{"line":27,"column":5}},"type":"if","locations":[{"start":{"line":25,"column":4},"end":{"line":27,"column":5}},{"start":{},"end":{}}]},"3":{"loc":{"start":{"line":25,"column":8},"end":{"line":25,"column":43}},"type":"binary-expr","locations":[{"start":{"line":25,"column":8},"end":{"line":25,"column":27}},{"start":{"line":25,"column":31},"end":{"line":25,"column":43}}]},"4":{"loc":{"start":{"line":34,"column":2},"end":{"line":34,"column":10}},"type":"default-arg","locations":[{"start":{"line":34,"column":9},"end":{"line":34,"column":10}}]},"5":{"loc":{"start":{"line":35,"column":2},"end":{"line":35,"column":68}},"type":"default-arg","locations":[{"start":{"line":35,"column":66},"end":{"line":35,"column":68}}]},"6":{"loc":{"start":{"line":39,"column":11},"end":{"line":39,"column":30}},"type":"cond-expr","locations":[{"start":{"line":39,"column":24},"end":{"line":39,"column":28}},{"start":{"line":39,"column":28},"end":{"line":39,"column":30}}]},"7":{"loc":{"start":{"line":39,"column":11},"end":{"line":39,"column":28}},"type":"binary-expr","locations":[{"start":{"line":39,"column":11},"end":{"line":39,"column":28}},{"start":{"line":39,"column":24},"end":{"line":39,"column":28}}]},"8":{"loc":{"start":{"line":55,"column":2},"end":{"line":57,"column":3}},"type":"if","locations":[{"start":{"line":55,"column":2},"end":{"line":57,"column":3}},{"start":{},"end":{}}]},"9":{"loc":{"start":{"line":55,"column":6},"end":{"line":55,"column":21}},"type":"cond-expr","locations":[{"start":{"line":55,"column":14},"end":{"line":55,"column":16}},{"start":{"line":55,"column":14},"end":{"line":55,"column":21}}]},"10":{"loc":{"start":{"line":55,"column":6},"end":{"line":55,"column":16}},"type":"binary-expr","locations":[{"start":{"line":55,"column":6},"end":{"line":55,"column":16}},{"start":{"line":55,"column":14},"end":{"line":55,"column":16}}]}},"s":{"0":4,"1":4,"2":4,"3":4,"4":3,"5":3,"6":0,"7":3,"8":4,"9":5,"10":5,"11":20,"12":13,"13":5,"14":4,"15":4,"16":3,"17":3,"18":3,"19":3,"20":4,"21":4,"22":0,"23":0,"24":0,"25":4,"26":4,"27":0,"28":0,"29":0,"30":0,"31":0,"32":4,"33":4,"34":0,"35":4,"36":4,"37":0,"38":0,"39":0,"40":4,"41":4,"42":0,"43":0,"44":0,"45":4,"46":4,"47":0,"48":0,"49":0,"50":4,"51":4,"52":0,"53":0,"54":0,"55":4},"f":{"0":3,"1":5,"2":20,"3":3,"4":3,"5":0,"6":0,"7":0,"8":0,"9":0,"10":0,"11":0,"12":0,"13":0,"14":0,"15":0,"16":0,"17":0},"b":{"0":[0,3],"1":[3,0],"2":[13,7],"3":[20,18],"4":[0],"5":[0],"6":[0,3],"7":[3,3],"8":[0,0],"9":[0,0],"10":[0,0]}}
,"E:\\Cedric\\Travail\\Test\\ProcessIQ\\Gestion-de-candidats\\front\\src\\components\\CandidateList.tsx": {"path":"E:\\Cedric\\Travail\\Test\\ProcessIQ\\Gestion-de-candidats\\front\\src\\components\\CandidateList.tsx","statementMap":{"0":{"start":{"line":6,"column":0},"end":{"line":6,"column":24}},"1":{"start":{"line":1,"column":0},"end":{"line":1,"column":33}},"2":{"start":{"line":2,"column":0},"end":{"line":2,"column":40}},"3":{"start":{"line":3,"column":0},"end":{"line":3,"column":55}},"4":{"start":{"line":4,"column":0},"end":{"line":4,"column":38}},"5":{"start":{"line":7,"column":26},"end":{"line":7,"column":37}},"6":{"start":{"line":8,"column":30},"end":{"line":8,"column":42}},"7":{"start":{"line":9,"column":30},"end":{"line":9,"column":42}},"8":{"start":{"line":10,"column":42},"end":{"line":10,"column":54}},"9":{"start":{"line":11,"column":42},"end":{"line":11,"column":54}},"10":{"start":{"line":13,"column":37},"end":{"line":16,"column":4}},"11":{"start":{"line":18,"column":23},"end":{"line":23,"column":3}},"12":{"start":{"line":19,"column":4},"end":{"line":19,"column":27}},"13":{"start":{"line":20,"column":4},"end":{"line":20,"column":15}},"14":{"start":{"line":21,"column":4},"end":{"line":21,"column":28}},"15":{"start":{"line":22,"column":4},"end":{"line":22,"column":28}},"16":{"start":{"line":25,"column":2},"end":{"line":95,"column":4}},"17":{"start":{"line":38,"column":33},"end":{"line":38,"column":62}},"18":{"start":{"line":48,"column":33},"end":{"line":48,"column":62}},"19":{"start":{"line":69,"column":16},"end":{"line":69,"column":45}},"20":{"start":{"line":84,"column":14},"end":{"line":86,"column":15}},"21":{"start":{"line":85,"column":16},"end":{"line":85,"column":34}}},"fnMap":{"0":{"name":"CandidateList","decl":{"start":{"line":6,"column":24},"end":{"line":6,"column":37}},"loc":{"start":{"line":6,"column":37},"end":{"line":96,"column":1}}},"1":{"name":"(anonymous_2)","decl":{"start":{"line":18,"column":23},"end":{"line":18,"column":24}},"loc":{"start":{"line":18,"column":67},"end":{"line":23,"column":3}}},"2":{"name":"(anonymous_3)","decl":{"start":{"line":38,"column":22},"end":{"line":38,"column":23}},"loc":{"start":{"line":38,"column":33},"end":{"line":38,"column":62}}},"3":{"name":"(anonymous_4)","decl":{"start":{"line":48,"column":22},"end":{"line":48,"column":23}},"loc":{"start":{"line":48,"column":33},"end":{"line":48,"column":62}}},"4":{"name":"(anonymous_5)","decl":{"start":{"line":68,"column":31},"end":{"line":68,"column":32}},"loc":{"start":{"line":69,"column":16},"end":{"line":69,"column":45}}},"5":{"name":"(anonymous_6)","decl":{"start":{"line":83,"column":21},"end":{"line":83,"column":22}},"loc":{"start":{"line":83,"column":42},"end":{"line":87,"column":13}}}},"branchMap":{"0":{"loc":{"start":{"line":59,"column":7},"end":{"line":59,"column":40}},"type":"binary-expr","locations":[{"start":{"line":59,"column":7},"end":{"line":59,"column":16}},{"start":{"line":59,"column":20},"end":{"line":59,"column":40}}]},"1":{"loc":{"start":{"line":60,"column":7},"end":{"line":60,"column":71}},"type":"binary-expr","locations":[{"start":{"line":60,"column":7},"end":{"line":60,"column":12}},{"start":{"line":60,"column":16},"end":{"line":60,"column":71}}]},"2":{"loc":{"start":{"line":62,"column":7},"end":{"line":92,"column":null}},"type":"binary-expr","locations":[{"start":{"line":62,"column":7},"end":{"line":62,"column":17}},{"start":{"line":62,"column":21},"end":{"line":62,"column":27}},{"start":{"line":63,"column":8},"end":{"line":91,"column":null}}]},"3":{"loc":{"start":{"line":64,"column":11},"end":{"line":78,"column":null}},"type":"cond-expr","locations":[{"start":{"line":65,"column":12},"end":{"line":65,"column":41}},{"start":{"line":67,"column":12},"end":{"line":77,"column":null}}]},"4":{"loc":{"start":{"line":64,"column":11},"end":{"line":64,"column":29}},"type":"cond-expr","locations":[{"start":{"line":64,"column":15},"end":{"line":64,"column":17}},{"start":{"line":64,"column":11},"end":{"line":64,"column":29}}]},"5":{"loc":{"start":{"line":64,"column":11},"end":{"line":64,"column":17}},"type":"binary-expr","locations":[{"start":{"line":64,"column":11},"end":{"line":64,"column":17}},{"start":{"line":64,"column":11},"end":{"line":64,"column":17}}]},"6":{"loc":{"start":{"line":68,"column":15},"end":{"line":77,"column":16}},"type":"cond-expr","locations":[{"start":{"line":68,"column":19},"end":{"line":68,"column":21}},{"start":{"line":68,"column":15},"end":{"line":77,"column":16}}]},"7":{"loc":{"start":{"line":68,"column":15},"end":{"line":68,"column":21}},"type":"binary-expr","locations":[{"start":{"line":68,"column":15},"end":{"line":68,"column":21}},{"start":{"line":68,"column":15},"end":{"line":68,"column":21}}]},"8":{"loc":{"start":{"line":84,"column":14},"end":{"line":86,"column":15}},"type":"if","locations":[{"start":{"line":84,"column":14},"end":{"line":86,"column":15}},{"start":{},"end":{}}]},"9":{"loc":{"start":{"line":84,"column":18},"end":{"line":84,"column":72}},"type":"binary-expr","locations":[{"start":{"line":84,"column":18},"end":{"line":84,"column":31}},{"start":{"line":84,"column":35},"end":{"line":84,"column":72}}]},"10":{"loc":{"start":{"line":84,"column":48},"end":{"line":84,"column":71}},"type":"binary-expr","locations":[{"start":{"line":84,"column":48},"end":{"line":84,"column":59}},{"start":{"line":84,"column":63},"end":{"line":84,"column":71}}]},"11":{"loc":{"start":{"line":84,"column":48},"end":{"line":84,"column":59}},"type":"cond-expr","locations":[{"start":{"line":84,"column":52},"end":{"line":84,"column":54}},{"start":{"line":84,"column":48},"end":{"line":84,"column":59}}]},"12":{"loc":{"start":{"line":84,"column":48},"end":{"line":84,"column":54}},"type":"binary-expr","locations":[{"start":{"line":84,"column":48},"end":{"line":84,"column":54}},{"start":{"line":84,"column":48},"end":{"line":84,"column":54}}]},"13":{"loc":{"start":{"line":90,"column":18},"end":{"line":90,"column":28}},"type":"cond-expr","locations":[{"start":{"line":90,"column":22},"end":{"line":90,"column":24}},{"start":{"line":90,"column":18},"end":{"line":90,"column":28}}]},"14":{"loc":{"start":{"line":90,"column":18},"end":{"line":90,"column":24}},"type":"binary-expr","locations":[{"start":{"line":90,"column":18},"end":{"line":90,"column":24}},{"start":{"line":90,"column":18},"end":{"line":90,"column":24}}]},"15":{"loc":{"start":{"line":90,"column":33},"end":{"line":90,"column":44}},"type":"cond-expr","locations":[{"start":{"line":90,"column":37},"end":{"line":90,"column":39}},{"start":{"line":90,"column":33},"end":{"line":90,"column":44}}]},"16":{"loc":{"start":{"line":90,"column":33},"end":{"line":90,"column":39}},"type":"binary-expr","locations":[{"start":{"line":90,"column":33},"end":{"line":90,"column":39}},{"start":{"line":90,"column":33},"end":{"line":90,"column":39}}]},"17":{"loc":{"start":{"line":90,"column":57},"end":{"line":90,"column":68}},"type":"cond-expr","locations":[{"start":{"line":90,"column":61},"end":{"line":90,"column":63}},{"start":{"line":90,"column":57},"end":{"line":90,"column":68}}]},"18":{"loc":{"start":{"line":90,"column":57},"end":{"line":90,"column":63}},"type":"binary-expr","locations":[{"start":{"line":90,"column":57},"end":{"line":90,"column":63}},{"start":{"line":90,"column":57},"end":{"line":90,"column":63}}]}},"s":{"0":2,"1":2,"2":2,"3":2,"4":2,"5":8,"6":8,"7":8,"8":8,"9":8,"10":8,"11":8,"12":1,"13":1,"14":1,"15":1,"16":8,"17":1,"18":1,"19":4,"20":0,"21":0},"f":{"0":8,"1":1,"2":1,"3":1,"4":4,"5":0},"b":{"0":[8,5],"1":[8,0],"2":[8,3,3],"3":[0,3],"4":[0,3],"5":[3,3],"6":[0,3],"7":[3,3],"8":[0,0],"9":[0,0],"10":[0,0],"11":[0,0],"12":[0,0],"13":[0,3],"14":[3,3],"15":[0,3],"16":[3,3],"17":[0,3],"18":[3,3]}}
,"E:\\Cedric\\Travail\\Test\\ProcessIQ\\Gestion-de-candidats\\front\\src\\components\\Pagination.tsx": {"path":"E:\\Cedric\\Travail\\Test\\ProcessIQ\\Gestion-de-candidats\\front\\src\\components\\Pagination.tsx","statementMap":{"0":{"start":{"line":1,"column":0},"end":{"line":1,"column":24}},"1":{"start":{"line":2,"column":2},"end":{"line":14,"column":4}},"2":{"start":{"line":4,"column":29},"end":{"line":4,"column":46}},"3":{"start":{"line":10,"column":29},"end":{"line":10,"column":46}}},"fnMap":{"0":{"name":"Pagination","decl":{"start":{"line":1,"column":24},"end":{"line":1,"column":34}},"loc":{"start":{"line":1,"column":57},"end":{"line":15,"column":1}}},"1":{"name":"(anonymous_1)","decl":{"start":{"line":4,"column":23},"end":{"line":4,"column":26}},"loc":{"start":{"line":4,"column":29},"end":{"line":4,"column":46}}},"2":{"name":"(anonymous_2)","decl":{"start":{"line":10,"column":23},"end":{"line":10,"column":26}},"loc":{"start":{"line":10,"column":29},"end":{"line":10,"column":46}}}},"branchMap":{},"s":{"0":2,"1":3,"2":0,"3":0},"f":{"0":3,"1":0,"2":0},"b":{}}
,"E:\\Cedric\\Travail\\Test\\ProcessIQ\\Gestion-de-candidats\\front\\src\\hooks\\useCandidates.ts": {"path":"E:\\Cedric\\Travail\\Test\\ProcessIQ\\Gestion-de-candidats\\front\\src\\hooks\\useCandidates.ts","statementMap":{"0":{"start":{"line":1,"column":0},"end":{"line":1,"column":49}},"1":{"start":{"line":2,"column":0},"end":{"line":2,"column":54}},"2":{"start":{"line":24,"column":29},"end":{"line":32,"column":1}},"3":{"start":{"line":28,"column":2},"end":{"line":31,"column":5}},"4":{"start":{"line":30,"column":19},"end":{"line":30,"column":90}},"5":{"start":{"line":24,"column":13},"end":{"line":24,"column":29}}},"fnMap":{"0":{"name":"(anonymous_0)","decl":{"start":{"line":24,"column":29},"end":{"line":24,"column":null}},"loc":{"start":{"line":27,"column":4},"end":{"line":32,"column":1}}},"1":{"name":"(anonymous_1)","decl":{"start":{"line":30,"column":13},"end":{"line":30,"column":16}},"loc":{"start":{"line":30,"column":19},"end":{"line":30,"column":90}}}},"branchMap":{"0":{"loc":{"start":{"line":26,"column":2},"end":{"line":26,"column":52}},"type":"default-arg","locations":[{"start":{"line":26,"column":50},"end":{"line":26,"column":52}}]},"1":{"loc":{"start":{"line":29,"column":35},"end":{"line":29,"column":55}},"type":"cond-expr","locations":[{"start":{"line":29,"column":49},"end":{"line":29,"column":53}},{"start":{"line":29,"column":53},"end":{"line":29,"column":55}}]},"2":{"loc":{"start":{"line":29,"column":35},"end":{"line":29,"column":53}},"type":"binary-expr","locations":[{"start":{"line":29,"column":35},"end":{"line":29,"column":53}},{"start":{"line":29,"column":49},"end":{"line":29,"column":53}}]},"3":{"loc":{"start":{"line":29,"column":57},"end":{"line":29,"column":77}},"type":"cond-expr","locations":[{"start":{"line":29,"column":71},"end":{"line":29,"column":75}},{"start":{"line":29,"column":75},"end":{"line":29,"column":77}}]},"4":{"loc":{"start":{"line":29,"column":57},"end":{"line":29,"column":75}},"type":"binary-expr","locations":[{"start":{"line":29,"column":57},"end":{"line":29,"column":75}},{"start":{"line":29,"column":71},"end":{"line":29,"column":75}}]}},"s":{"0":3,"1":3,"2":3,"3":11,"4":5,"5":3},"f":{"0":11,"1":5},"b":{"0":[2],"1":[9,2],"2":[11,11],"3":[9,2],"4":[11,11]}}
,"E:\\Cedric\\Travail\\Test\\ProcessIQ\\Gestion-de-candidats\\front\\src\\test\\mswHandlers.ts": {"path":"E:\\Cedric\\Travail\\Test\\ProcessIQ\\Gestion-de-candidats\\front\\src\\test\\mswHandlers.ts","statementMap":{"0":{"start":{"line":1,"column":0},"end":{"line":1,"column":27}},"1":{"start":{"line":3,"column":25},"end":{"line":20,"column":2}},"2":{"start":{"line":22,"column":13},"end":{"line":60,"column":2}},"3":{"start":{"line":24,"column":19},"end":{"line":24,"column":74}},"4":{"start":{"line":25,"column":19},"end":{"line":25,"column":59}},"5":{"start":{"line":27,"column":18},"end":{"line":34,"column":6}},"6":{"start":{"line":29,"column":8},"end":{"line":31,"column":64}},"7":{"start":{"line":31,"column":27},"end":{"line":31,"column":63}},"8":{"start":{"line":32,"column":28},"end":{"line":32,"column":66}},"9":{"start":{"line":33,"column":6},"end":{"line":33,"column":44}},"10":{"start":{"line":36,"column":4},"end":{"line":45,"column":6}},"11":{"start":{"line":49,"column":19},"end":{"line":49,"column":29}},"12":{"start":{"line":50,"column":22},"end":{"line":50,"column":80}},"13":{"start":{"line":50,"column":59},"end":{"line":50,"column":79}},"14":{"start":{"line":51,"column":4},"end":{"line":53,"column":5}},"15":{"start":{"line":52,"column":6},"end":{"line":52,"column":81}},"16":{"start":{"line":54,"column":4},"end":{"line":54,"column":53}},"17":{"start":{"line":58,"column":4},"end":{"line":58,"column":97}}},"fnMap":{"0":{"name":"(anonymous_0)","decl":{"start":{"line":23,"column":51},"end":{"line":23,"column":52}},"loc":{"start":{"line":23,"column":69},"end":{"line":46,"column":3}}},"1":{"name":"(anonymous_1)","decl":{"start":{"line":27,"column":42},"end":{"line":27,"column":43}},"loc":{"start":{"line":27,"column":56},"end":{"line":34,"column":5}}},"2":{"name":"(anonymous_2)","decl":{"start":{"line":31,"column":16},"end":{"line":31,"column":17}},"loc":{"start":{"line":31,"column":27},"end":{"line":31,"column":63}}},"3":{"name":"(anonymous_3)","decl":{"start":{"line":48,"column":55},"end":{"line":48,"column":56}},"loc":{"start":{"line":48,"column":73},"end":{"line":55,"column":3}}},"4":{"name":"(anonymous_4)","decl":{"start":{"line":50,"column":44},"end":{"line":50,"column":45}},"loc":{"start":{"line":50,"column":59},"end":{"line":50,"column":79}}},"5":{"name":"(anonymous_5)","decl":{"start":{"line":57,"column":58},"end":{"line":57,"column":59}},"loc":{"start":{"line":57,"column":76},"end":{"line":59,"column":3}}}},"branchMap":{"0":{"loc":{"start":{"line":24,"column":19},"end":{"line":24,"column":74}},"type":"binary-expr","locations":[{"start":{"line":24,"column":19},"end":{"line":24,"column":68}},{"start":{"line":24,"column":72},"end":{"line":24,"column":74}}]},"1":{"loc":{"start":{"line":24,"column":19},"end":{"line":24,"column":68}},"type":"cond-expr","locations":[{"start":{"line":24,"column":53},"end":{"line":24,"column":55}},{"start":{"line":24,"column":53},"end":{"line":24,"column":68}}]},"2":{"loc":{"start":{"line":24,"column":19},"end":{"line":24,"column":55}},"type":"binary-expr","locations":[{"start":{"line":24,"column":19},"end":{"line":24,"column":55}},{"start":{"line":24,"column":53},"end":{"line":24,"column":55}}]},"3":{"loc":{"start":{"line":25,"column":19},"end":{"line":25,"column":59}},"type":"binary-expr","locations":[{"start":{"line":25,"column":19},"end":{"line":25,"column":53}},{"start":{"line":25,"column":57},"end":{"line":25,"column":59}}]},"4":{"loc":{"start":{"line":29,"column":8},"end":{"line":31,"column":64}},"type":"binary-expr","locations":[{"start":{"line":29,"column":8},"end":{"line":29,"column":15}},{"start":{"line":30,"column":8},"end":{"line":31,"column":64}}]},"5":{"loc":{"start":{"line":32,"column":28},"end":{"line":32,"column":66}},"type":"binary-expr","locations":[{"start":{"line":32,"column":28},"end":{"line":32,"column":35}},{"start":{"line":32,"column":39},"end":{"line":32,"column":66}}]},"6":{"loc":{"start":{"line":33,"column":13},"end":{"line":33,"column":43}},"type":"binary-expr","locations":[{"start":{"line":33,"column":13},"end":{"line":33,"column":26}},{"start":{"line":33,"column":30},"end":{"line":33,"column":43}}]},"7":{"loc":{"start":{"line":41,"column":21},"end":{"line":41,"column":58}},"type":"binary-expr","locations":[{"start":{"line":41,"column":21},"end":{"line":41,"column":53}},{"start":{"line":41,"column":57},"end":{"line":41,"column":58}}]},"8":{"loc":{"start":{"line":43,"column":22},"end":{"line":43,"column":61}},"type":"binary-expr","locations":[{"start":{"line":43,"column":22},"end":{"line":43,"column":55}},{"start":{"line":43,"column":59},"end":{"line":43,"column":61}}]},"9":{"loc":{"start":{"line":51,"column":4},"end":{"line":53,"column":5}},"type":"if","locations":[{"start":{"line":51,"column":4},"end":{"line":53,"column":5}},{"start":{},"end":{}}]}},"s":{"0":4,"1":4,"2":4,"3":3,"4":3,"5":3,"6":6,"7":5,"8":6,"9":6,"10":3,"11":0,"12":0,"13":0,"14":0,"15":0,"16":0,"17":0},"f":{"0":3,"1":6,"2":5,"3":0,"4":0,"5":0},"b":{"0":[3,2],"1":[2,1],"2":[3,1],"3":[3,2],"4":[6,2],"5":[6,2],"6":[6,5],"7":[3,0],"8":[3,0],"9":[0,0]}}
,"E:\\Cedric\\Travail\\Test\\ProcessIQ\\Gestion-de-candidats\\front\\src\\test\\mswServer.ts": {"path":"E:\\Cedric\\Travail\\Test\\ProcessIQ\\Gestion-de-candidats\\front\\src\\test\\mswServer.ts","statementMap":{"0":{"start":{"line":1,"column":0},"end":{"line":1,"column":39}},"1":{"start":{"line":2,"column":0},"end":{"line":2,"column":41}},"2":{"start":{"line":4,"column":13},"end":{"line":4,"column":47}}},"fnMap":{},"branchMap":{},"s":{"0":4,"1":4,"2":4},"f":{},"b":{}}
}
