TN:
SF:src\api\candidates.api.ts
FN:11,(anonymous_8)
FN:21,(anonymous_9)
FN:24,(anonymous_10)
FN:33,(anonymous_11)
FN:36,(anonymous_12)
FN:47,(anonymous_13)
FN:47,(anonymous_14)
FN:52,(anonymous_15)
FN:52,(anonymous_16)
FN:62,(anonymous_17)
FN:66,(anonymous_18)
FN:66,(anonymous_19)
FN:71,(anonymous_20)
FN:71,(anonymous_21)
FN:76,(anonymous_22)
FN:76,(anonymous_23)
FN:81,(anonymous_24)
FN:81,(anonymous_25)
FNF:18
FNH:5
FNDA:3,(anonymous_8)
FNDA:5,(anonymous_9)
FNDA:20,(anonymous_10)
FNDA:3,(anonymous_11)
FNDA:3,(anonymous_12)
FNDA:0,(anonymous_13)
FNDA:0,(anonymous_14)
FNDA:0,(anonymous_15)
FNDA:0,(anonymous_16)
FNDA:0,(anonymous_17)
FNDA:0,(anonymous_18)
FNDA:0,(anonymous_19)
FNDA:0,(anonymous_20)
FNDA:0,(anonymous_21)
FNDA:0,(anonymous_22)
FNDA:0,(anonymous_23)
FNDA:0,(anonymous_24)
FNDA:0,(anonymous_25)
DA:1,4
DA:4,4
DA:6,4
DA:11,4
DA:12,3
DA:14,3
DA:15,0
DA:18,3
DA:21,4
DA:22,5
DA:24,5
DA:25,20
DA:26,13
DA:30,5
DA:33,4
DA:36,3
DA:37,3
DA:43,3
DA:44,3
DA:47,4
DA:48,0
DA:49,0
DA:52,4
DA:53,0
DA:55,0
DA:56,0
DA:59,0
DA:62,4
DA:63,0
DA:66,4
DA:67,0
DA:68,0
DA:71,4
DA:72,0
DA:73,0
DA:76,4
DA:77,0
DA:78,0
DA:81,4
DA:82,0
DA:83,0
LF:41
LH:25
BRDA:14,0,0,0
BRDA:14,0,1,3
BRDA:14,1,0,3
BRDA:14,1,1,0
BRDA:25,2,0,13
BRDA:25,2,1,7
BRDA:25,3,0,20
BRDA:25,3,1,18
BRDA:34,4,0,0
BRDA:35,5,0,0
BRDA:39,6,0,0
BRDA:39,6,1,3
BRDA:39,7,0,3
BRDA:39,7,1,3
BRDA:55,8,0,0
BRDA:55,8,1,0
BRDA:55,9,0,0
BRDA:55,9,1,0
BRDA:55,10,0,0
BRDA:55,10,1,0
BRF:20
BRH:9
end_of_record
TN:
SF:src\components\CandidateList.tsx
FN:6,CandidateList
FN:18,(anonymous_2)
FN:38,(anonymous_3)
FN:48,(anonymous_4)
FN:68,(anonymous_5)
FN:83,(anonymous_6)
FNF:6
FNH:5
FNDA:8,CandidateList
FNDA:1,(anonymous_2)
FNDA:1,(anonymous_3)
FNDA:1,(anonymous_4)
FNDA:4,(anonymous_5)
FNDA:0,(anonymous_6)
DA:1,2
DA:2,2
DA:3,2
DA:4,2
DA:6,2
DA:7,8
DA:8,8
DA:9,8
DA:10,8
DA:11,8
DA:13,8
DA:18,8
DA:19,1
DA:20,1
DA:21,1
DA:22,1
DA:25,8
DA:38,1
DA:48,1
DA:69,4
DA:84,0
DA:85,0
LF:22
LH:20
BRDA:59,0,0,8
BRDA:59,0,1,5
BRDA:60,1,0,8
BRDA:60,1,1,0
BRDA:62,2,0,8
BRDA:62,2,1,3
BRDA:62,2,2,3
BRDA:64,3,0,0
BRDA:64,3,1,3
BRDA:64,4,0,0
BRDA:64,4,1,3
BRDA:64,5,0,3
BRDA:64,5,1,3
BRDA:68,6,0,0
BRDA:68,6,1,3
BRDA:68,7,0,3
BRDA:68,7,1,3
BRDA:84,8,0,0
BRDA:84,8,1,0
BRDA:84,9,0,0
BRDA:84,9,1,0
BRDA:84,10,0,0
BRDA:84,10,1,0
BRDA:84,11,0,0
BRDA:84,11,1,0
BRDA:84,12,0,0
BRDA:84,12,1,0
BRDA:90,13,0,0
BRDA:90,13,1,3
BRDA:90,14,0,3
BRDA:90,14,1,3
BRDA:90,15,0,0
BRDA:90,15,1,3
BRDA:90,16,0,3
BRDA:90,16,1,3
BRDA:90,17,0,0
BRDA:90,17,1,3
BRDA:90,18,0,3
BRDA:90,18,1,3
BRF:39
BRH:22
end_of_record
TN:
SF:src\components\Pagination.tsx
FN:1,Pagination
FN:4,(anonymous_1)
FN:10,(anonymous_2)
FNF:3
FNH:1
FNDA:3,Pagination
FNDA:0,(anonymous_1)
FNDA:0,(anonymous_2)
DA:1,2
DA:2,3
DA:4,0
DA:10,0
LF:4
LH:2
BRF:0
BRH:0
end_of_record
TN:
SF:src\hooks\useCandidates.ts
FN:24,(anonymous_0)
FN:30,(anonymous_1)
FNF:2
FNH:2
FNDA:11,(anonymous_0)
FNDA:5,(anonymous_1)
DA:1,3
DA:2,3
DA:24,3
DA:28,11
DA:30,5
LF:5
LH:5
BRDA:26,0,0,2
BRDA:29,1,0,9
BRDA:29,1,1,2
BRDA:29,2,0,11
BRDA:29,2,1,11
BRDA:29,3,0,9
BRDA:29,3,1,2
BRDA:29,4,0,11
BRDA:29,4,1,11
BRF:9
BRH:9
end_of_record
TN:
SF:src\test\mswHandlers.ts
FN:23,(anonymous_0)
FN:27,(anonymous_1)
FN:31,(anonymous_2)
FN:48,(anonymous_3)
FN:50,(anonymous_4)
FN:57,(anonymous_5)
FNF:6
FNH:3
FNDA:3,(anonymous_0)
FNDA:6,(anonymous_1)
FNDA:5,(anonymous_2)
FNDA:0,(anonymous_3)
FNDA:0,(anonymous_4)
FNDA:0,(anonymous_5)
DA:1,4
DA:3,4
DA:22,4
DA:24,3
DA:25,3
DA:27,3
DA:29,6
DA:31,5
DA:32,6
DA:33,6
DA:36,3
DA:49,0
DA:50,0
DA:51,0
DA:52,0
DA:54,0
DA:58,0
LF:17
LH:11
BRDA:24,0,0,3
BRDA:24,0,1,2
BRDA:24,1,0,2
BRDA:24,1,1,1
BRDA:24,2,0,3
BRDA:24,2,1,1
BRDA:25,3,0,3
BRDA:25,3,1,2
BRDA:29,4,0,6
BRDA:29,4,1,2
BRDA:32,5,0,6
BRDA:32,5,1,2
BRDA:33,6,0,6
BRDA:33,6,1,5
BRDA:41,7,0,3
BRDA:41,7,1,0
BRDA:43,8,0,3
BRDA:43,8,1,0
BRDA:51,9,0,0
BRDA:51,9,1,0
BRF:20
BRH:16
end_of_record
TN:
SF:src\test\mswServer.ts
FNF:0
FNH:0
DA:1,4
DA:2,4
DA:4,4
LF:3
LH:3
BRF:0
BRH:0
end_of_record
