TN:
SF:src\config\db.ts
FN:1,(empty-report)
FNF:1
FNH:0
FNDA:0,(empty-report)
DA:1,0
DA:2,0
DA:3,0
DA:4,0
DA:5,0
DA:6,0
DA:7,0
DA:8,0
LF:8
LH:0
BRDA:1,0,0,0
BRF:1
BRH:0
end_of_record
TN:
SF:src\config\logger.ts
FNF:0
FNH:0
DA:1,1
DA:2,1
DA:3,1
DA:4,1
DA:5,1
DA:6,1
DA:7,1
LF:7
LH:7
BRF:0
BRH:0
end_of_record
TN:
SF:src\config\users.ts
FNF:0
FNH:0
DA:1,1
DA:2,1
DA:3,1
DA:4,1
DA:5,1
DA:6,1
DA:7,1
LF:7
LH:7
BRF:0
BRH:0
end_of_record
TN:
SF:src\controllers\auth.controller.ts
FN:5,login
FNF:1
FNH:1
FNDA:5,login
DA:1,1
DA:2,1
DA:3,1
DA:4,1
DA:5,1
DA:6,5
DA:7,5
DA:8,5
DA:9,5
DA:10,5
DA:11,3
DA:12,3
DA:13,3
DA:14,3
DA:15,2
DA:16,2
DA:17,2
DA:18,2
DA:19,2
DA:20,2
DA:21,2
DA:22,2
DA:23,2
DA:24,2
DA:25,2
DA:26,2
DA:27,2
DA:28,2
DA:29,2
DA:30,2
DA:31,2
LF:31
LH:31
BRDA:5,0,0,5
BRDA:10,1,0,3
BRDA:15,2,0,2
BRDA:8,3,0,5
BRDA:8,4,0,3
BRF:5
BRH:5
end_of_record
TN:
SF:src\controllers\candidate.controller.ts
FN:7,createCandidate
FN:24,getCandidates
FN:67,getCandidate
FN:86,updateCandidate
FN:111,deleteCandidate
FN:138,validateCandidate
FNF:6
FNH:6
FNDA:16,createCandidate
FNDA:10,getCandidates
FNDA:9,getCandidate
FNDA:4,updateCandidate
FNDA:4,deleteCandidate
FNDA:5,validateCandidate
DA:1,1
DA:2,1
DA:3,1
DA:4,1
DA:5,1
DA:6,1
DA:7,1
DA:8,16
DA:9,16
DA:10,16
DA:11,16
DA:12,16
DA:13,16
DA:14,14
DA:15,14
DA:16,16
DA:17,2
DA:18,2
DA:19,2
DA:20,2
DA:21,16
DA:22,1
DA:23,1
DA:24,1
DA:25,10
DA:26,10
DA:27,10
DA:28,10
DA:29,10
DA:30,10
DA:31,10
DA:32,10
DA:33,10
DA:34,10
DA:35,10
DA:36,10
DA:37,10
DA:38,3
DA:39,3
DA:40,3
DA:41,3
DA:42,3
DA:43,3
DA:44,3
DA:45,3
DA:46,10
DA:47,10
DA:48,2
DA:49,2
DA:50,10
DA:51,10
DA:52,10
DA:53,10
DA:54,10
DA:55,10
DA:56,10
DA:57,10
DA:58,10
DA:59,10
DA:60,10
DA:61,10
DA:62,10
DA:63,10
DA:64,10
DA:65,10
DA:66,1
DA:67,1
DA:68,9
DA:69,9
DA:70,9
DA:71,9
DA:72,9
DA:73,9
DA:74,9
DA:75,9
DA:76,9
DA:77,5
DA:78,5
DA:79,5
DA:80,5
DA:81,4
DA:82,4
DA:83,4
DA:84,1
DA:85,1
DA:86,1
DA:87,4
DA:88,4
DA:89,4
DA:90,4
DA:91,4
DA:92,4
DA:93,4
DA:94,4
DA:95,4
DA:96,4
DA:97,4
DA:98,4
DA:99,4
DA:100,4
DA:101,4
DA:102,4
DA:103,4
DA:104,0
DA:105,0
DA:106,0
DA:107,0
DA:108,4
DA:109,1
DA:110,1
DA:111,1
DA:112,4
DA:113,4
DA:114,4
DA:115,4
DA:116,4
DA:117,4
DA:118,4
DA:119,4
DA:120,4
DA:121,4
DA:122,4
DA:123,1
DA:124,1
DA:125,1
DA:126,1
DA:127,1
DA:128,1
DA:129,1
DA:130,1
DA:131,1
DA:132,1
DA:133,1
DA:134,1
DA:135,1
DA:136,1
DA:137,1
DA:138,1
DA:139,5
DA:140,5
DA:141,5
DA:142,5
DA:143,5
DA:144,5
DA:145,5
DA:146,5
DA:147,5
DA:148,5
DA:149,5
DA:150,5
DA:151,5
DA:152,5
DA:153,5
DA:154,5
DA:155,5
DA:156,5
DA:157,5
DA:158,2
DA:159,2
DA:160,2
DA:161,2
DA:162,3
DA:163,3
DA:164,3
LF:164
LH:160
BRDA:7,0,0,16
BRDA:14,1,0,14
BRDA:16,2,0,2
BRDA:24,3,0,10
BRDA:28,4,0,9
BRDA:29,5,0,8
BRDA:30,6,0,7
BRDA:31,7,0,8
BRDA:37,8,0,3
BRDA:47,9,0,2
BRDA:67,10,0,9
BRDA:76,11,0,6
BRDA:76,12,0,5
BRDA:81,13,0,4
BRDA:86,14,0,4
BRDA:103,15,0,0
BRDA:111,16,0,4
BRDA:138,17,0,5
BRDA:157,18,0,4
BRDA:157,19,0,2
BRDA:162,20,0,3
BRF:21
BRH:20
end_of_record
TN:
SF:src\middlewares\auth.middleware.ts
FN:4,authMiddleware
FNF:1
FNH:1
FNDA:63,authMiddleware
DA:1,1
DA:2,1
DA:3,1
DA:4,1
DA:5,63
DA:6,63
DA:7,63
DA:8,63
DA:9,63
DA:10,63
DA:11,63
DA:12,8
DA:13,8
DA:14,8
DA:15,8
DA:16,55
DA:17,55
DA:18,55
DA:19,55
DA:20,55
DA:21,55
DA:22,55
DA:23,55
DA:24,55
DA:25,63
DA:26,1
DA:27,1
DA:28,1
DA:29,1
DA:30,63
LF:30
LH:30
BRDA:4,0,0,63
BRDA:11,1,0,8
BRDA:16,2,0,55
BRDA:25,3,0,1
BRF:4
BRH:4
end_of_record
TN:
SF:src\middlewares\error.middleware.ts
FN:1,(empty-report)
FNF:1
FNH:0
FNDA:0,(empty-report)
DA:1,0
LF:1
LH:0
BRDA:1,0,0,0
BRF:1
BRH:0
end_of_record
TN:
SF:src\middlewares\rateLimiter.middleware.ts
FNF:0
FNH:0
DA:1,1
DA:2,1
DA:3,1
DA:4,1
DA:5,1
DA:6,1
DA:7,1
DA:8,1
DA:9,1
LF:9
LH:9
BRF:0
BRH:0
end_of_record
TN:
SF:src\middlewares\validate.middleware.ts
FN:5,validate
FNF:1
FNH:1
FNDA:4,validate
DA:1,1
DA:2,1
DA:3,1
DA:4,1
DA:5,1
DA:6,4
DA:7,26
DA:8,26
DA:9,26
DA:10,26
DA:11,6
DA:12,6
DA:13,6
DA:14,8
DA:15,8
DA:16,6
DA:17,6
DA:18,6
DA:19,0
DA:20,0
DA:21,0
DA:22,0
DA:23,0
DA:24,26
LF:24
LH:19
BRDA:5,0,0,4
BRDA:6,1,0,26
BRDA:10,2,0,6
BRDA:19,3,0,0
BRDA:13,4,0,8
BRF:5
BRH:4
end_of_record
TN:
SF:src\routes\candidate.routes.ts
FNF:0
FNH:0
DA:1,1
DA:2,1
DA:3,1
DA:4,1
DA:5,1
DA:6,1
DA:7,1
DA:8,1
DA:9,1
DA:10,1
DA:11,1
DA:12,1
DA:13,1
DA:14,1
DA:15,1
DA:16,1
DA:17,1
DA:18,1
DA:19,1
DA:20,1
DA:21,1
DA:22,1
DA:23,1
DA:24,1
DA:25,1
DA:26,1
DA:27,1
DA:28,1
LF:28
LH:28
BRF:0
BRH:0
end_of_record
TN:
SF:src\services\validation.service.ts
FN:1,asyncValidation
FNF:1
FNH:1
FNDA:6,asyncValidation
DA:1,1
DA:2,6
DA:3,6
DA:4,6
DA:5,6
DA:6,6
DA:7,6
DA:8,6
DA:9,6
DA:10,6
LF:10
LH:10
BRDA:1,0,0,6
BRDA:2,1,0,6
BRDA:3,2,0,6
BRF:3
BRH:3
end_of_record
TN:
SF:src\validations\candidate.validation.ts
FNF:0
FNH:0
DA:1,1
DA:2,1
DA:3,1
DA:4,1
DA:5,1
DA:6,1
DA:7,1
DA:8,1
DA:9,1
DA:10,1
DA:11,1
DA:12,1
DA:13,1
DA:14,1
DA:15,1
DA:16,1
DA:17,1
DA:18,1
DA:19,1
DA:20,1
DA:21,1
LF:21
LH:21
BRF:0
BRH:0
end_of_record
